Failed to clean up metadata for the following files because the metadata was not present.
If this is expected, there is nothing to do.
Otherwise, the reason might be file system latency or still running jobs.
Consider running metadata cleanup again.
Files:
s0.001_n10000_mu1e-06_rho100_L1000_maxcount10000_sigma10_seed0_iter10000000_r0.1_uniform.loc
s0.001_n10000_mu1e-06_rho100_L1000_maxcount10000_sigma10_seed0_iter10000000_r0.1_uniform.samp
s0.001_n10000_mu1e-06_rho100_L1000_maxcount10000_sigma10_seed0_iter10000000_r0.1_uniform.sfs
s0.001_n10000_mu1e-07_rho100_L1000_maxcount10000_sigma10_seed0_iter10000000_r0.1_uniform.loc
s0.001_n10000_mu1e-07_rho100_L1000_maxcount10000_sigma10_seed0_iter10000000_r0.1_uniform.samp
s0.001_n10000_mu1e-07_rho100_L1000_maxcount10000_sigma10_seed0_iter10000000_r0.1_uniform.sfs
s0.001_n10000_mu1e-09_rho100_L1000_maxcount10000_sigma10_seed0_iter10000000_r0.1_uniform.loc
s0.001_n10000_mu1e-09_rho100_L1000_maxcount10000_sigma10_seed0_iter10000000_r0.1_uniform.samp
s0.001_n10000_mu1e-09_rho100_L1000_maxcount10000_sigma10_seed0_iter10000000_r0.1_uniform.sfs
s0.001_n1000_mu1e-06_rho100_L1000_maxcount10000_sigma10_seed0_iter10000000_r0.1_uniform.loc
s0.001_n1000_mu1e-06_rho100_L1000_maxcount10000_sigma10_seed0_iter10000000_r0.1_uniform.samp
s0.001_n1000_mu1e-06_rho100_L1000_maxcount10000_sigma10_seed0_iter10000000_r0.1_uniform.sfs
s0.001_n1000_mu1e-07_rho100_L1000_maxcount10000_sigma10_seed0_iter10000000_r0.1_uniform.loc
s0.001_n1000_mu1e-07_rho100_L1000_maxcount10000_sigma10_seed0_iter10000000_r0.1_uniform.samp
s0.001_n1000_mu1e-07_rho100_L1000_maxcount10000_sigma10_seed0_iter10000000_r0.1_uniform.sfs
s0.001_n1000_mu1e-09_rho100_L1000_maxcount10000_sigma10_seed0_iter10000000_r0.1_uniform.loc
s0.001_n1000_mu1e-09_rho100_L1000_maxcount10000_sigma10_seed0_iter10000000_r0.1_uniform.samp
s0.001_n1000_mu1e-09_rho100_L1000_maxcount10000_sigma10_seed0_iter10000000_r0.1_uniform.sfs
s0.001_n100_mu1e-06_rho100_L1000_maxcount10000_sigma10_seed0_iter10000000_r0.1_uniform.loc
s0.001_n100_mu1e-06_rho100_L1000_maxcount10000_sigma10_seed0_iter10000000_r0.1_uniform.samp
s0.001_n100_mu1e-06_rho100_L1000_maxcount10000_sigma10_seed0_iter10000000_r0.1_uniform.sfs
s0.001_n100_mu1e-07_rho100_L1000_maxcount10000_sigma10_seed0_iter10000000_r0.1_uniform.loc
s0.001_n100_mu1e-07_rho100_L1000_maxcount10000_sigma10_seed0_iter10000000_r0.1_uniform.samp
s0.001_n100_mu1e-07_rho100_L1000_maxcount10000_sigma10_seed0_iter10000000_r0.1_uniform.sfs
s0.001_n100_mu1e-09_rho100_L1000_maxcount10000_sigma10_seed0_iter10000000_r0.1_uniform.loc
s0.001_n100_mu1e-09_rho100_L1000_maxcount10000_sigma10_seed0_iter10000000_r0.1_uniform.samp
s0.001_n100_mu1e-09_rho100_L1000_maxcount10000_sigma10_seed0_iter10000000_r0.1_uniform.sfs
s0.001_n1_mu1e-09_rho100_L1000_maxcount10000_sigma10_seed0_iter10000000_r0.1_uniform.loc
s0.001_n1_mu1e-09_rho100_L1000_maxcount10000_sigma10_seed0_iter10000000_r0.1_uniform.samp
s0.001_n1_mu1e-09_rho100_L1000_maxcount10000_sigma10_seed0_iter10000000_r0.1_uniform.sfs
s0.001_n2_mu1e-06_rho100_L1000_maxcount10000_sigma10_seed0_iter10000000_r0.1_uniform.loc
s0.001_n2_mu1e-06_rho100_L1000_maxcount10000_sigma10_seed0_iter10000000_r0.1_uniform.samp
s0.001_n2_mu1e-06_rho100_L1000_maxcount10000_sigma10_seed0_iter10000000_r0.1_uniform.sfs
s0.001_n2_mu1e-07_rho100_L1000_maxcount10000_sigma10_seed0_iter10000000_r0.1_uniform.loc
s0.001_n2_mu1e-07_rho100_L1000_maxcount10000_sigma10_seed0_iter10000000_r0.1_uniform.samp
s0.001_n2_mu1e-07_rho100_L1000_maxcount10000_sigma10_seed0_iter10000000_r0.1_uniform.sfs
s0.001_n2_mu1e-09_rho100_L1000_maxcount10000_sigma10_seed0_iter10000000_r0.1_uniform.loc
s0.001_n2_mu1e-09_rho100_L1000_maxcount10000_sigma10_seed0_iter10000000_r0.1_uniform.samp
s0.001_n2_mu1e-09_rho100_L1000_maxcount10000_sigma10_seed0_iter10000000_r0.1_uniform.sfs
s0.01_n10000_mu1e-06_rho100_L1000_maxcount10000_sigma10_seed0_iter10000000_r0.1_uniform.loc
s0.01_n10000_mu1e-06_rho100_L1000_maxcount10000_sigma10_seed0_iter10000000_r0.1_uniform.samp
s0.01_n10000_mu1e-06_rho100_L1000_maxcount10000_sigma10_seed0_iter10000000_r0.1_uniform.sfs
s0.01_n10000_mu1e-07_rho100_L1000_maxcount10000_sigma10_seed0_iter10000000_r0.1_uniform.loc
s0.01_n10000_mu1e-07_rho100_L1000_maxcount10000_sigma10_seed0_iter10000000_r0.1_uniform.samp
s0.01_n10000_mu1e-07_rho100_L1000_maxcount10000_sigma10_seed0_iter10000000_r0.1_uniform.sfs
s0.01_n1000_mu1e-06_rho100_L1000_maxcount10000_sigma10_seed0_iter10000000_r0.1_uniform.loc
s0.01_n1000_mu1e-06_rho100_L1000_maxcount10000_sigma10_seed0_iter10000000_r0.1_uniform.samp
s0.01_n1000_mu1e-06_rho100_L1000_maxcount10000_sigma10_seed0_iter10000000_r0.1_uniform.sfs
s0.01_n1000_mu1e-07_rho100_L1000_maxcount10000_sigma10_seed0_iter10000000_r0.1_uniform.loc
s0.01_n1000_mu1e-07_rho100_L1000_maxcount10000_sigma10_seed0_iter10000000_r0.1_uniform.samp
s0.01_n1000_mu1e-07_rho100_L1000_maxcount10000_sigma10_seed0_iter10000000_r0.1_uniform.sfs
s0.01_n1000_mu1e-09_rho100_L1000_maxcount10000_sigma10_seed0_iter10000000_r0.1_uniform.loc
s0.01_n1000_mu1e-09_rho100_L1000_maxcount10000_sigma10_seed0_iter10000000_r0.1_uniform.samp
s0.01_n1000_mu1e-09_rho100_L1000_maxcount10000_sigma10_seed0_iter10000000_r0.1_uniform.sfs
s0.01_n100_mu1e-06_rho100_L1000_maxcount10000_sigma10_seed0_iter10000000_r0.1_uniform.loc
s0.01_n100_mu1e-06_rho100_L1000_maxcount10000_sigma10_seed0_iter10000000_r0.1_uniform.samp
s0.01_n100_mu1e-06_rho100_L1000_maxcount10000_sigma10_seed0_iter10000000_r0.1_uniform.sfs
s0.01_n100_mu1e-07_rho100_L1000_maxcount10000_sigma10_seed0_iter10000000_r0.1_uniform.loc
s0.01_n100_mu1e-07_rho100_L1000_maxcount10000_sigma10_seed0_iter10000000_r0.1_uniform.samp
s0.01_n100_mu1e-07_rho100_L1000_maxcount10000_sigma10_seed0_iter10000000_r0.1_uniform.sfs
s0.01_n100_mu1e-09_rho100_L1000_maxcount10000_sigma10_seed0_iter10000000_r0.1_uniform.loc
s0.01_n100_mu1e-09_rho100_L1000_maxcount10000_sigma10_seed0_iter10000000_r0.1_uniform.samp
s0.01_n100_mu1e-09_rho100_L1000_maxcount10000_sigma10_seed0_iter10000000_r0.1_uniform.sfs
s0.01_n2_mu1e-07_rho100_L1000_maxcount10000_sigma10_seed0_iter10000000_r0.1_uniform.loc
s0.01_n2_mu1e-07_rho100_L1000_maxcount10000_sigma10_seed0_iter10000000_r0.1_uniform.samp
s0.01_n2_mu1e-07_rho100_L1000_maxcount10000_sigma10_seed0_iter10000000_r0.1_uniform.sfs
s0.01_n2_mu1e-09_rho100_L1000_maxcount10000_sigma10_seed0_iter10000000_r0.1_uniform.loc
s0.01_n2_mu1e-09_rho100_L1000_maxcount10000_sigma10_seed0_iter10000000_r0.1_uniform.samp
s0.01_n2_mu1e-09_rho100_L1000_maxcount10000_sigma10_seed0_iter10000000_r0.1_uniform.sfs
